#
# A fatal error has been detected by the Java Runtime Environment:
#
#  SIGSEGV (0xb) at pc=0x0000000101c461b0, pid=1652, tid=17411
#
# JRE version: Java(TM) SE Runtime Environment (8.0_66-b17) (build 1.8.0_66-b17)
# Java VM: Java HotSpot(TM) 64-Bit Server VM (25.66-b17 mixed mode bsd-amd64 compressed oops)
# Problematic frame:
# V  [libjvm.dylib+0x4461b0]  Method::checked_resolve_jmethod_id(_jmethodID*)+0xe
#
# Failed to write core dump. Core dumps have been disabled. To enable core dumping, try "ulimit -c unlimited" before starting Java again
#
# If you would like to submit a bug report, please visit:
#   http://bugreport.java.com/bugreport/crash.jsp
#

---------------  T H R E A D  ---------------

Current thread (0x00007f8051803800):  JavaThread "JDWP Transport Listener: dt_socket" daemon [_thread_in_vm, id=17411, stack(0x0000700000bbe000,0x0000700000cbe000)]

siginfo: si_signo: 11 (SIGSEGV), si_code: 1 (SEGV_MAPERR), si_addr: 0x000000000000000b

Registers:
RAX=0x0000000000000001, RBX=0x0000700000cbda8b, RCX=0x0000000102014310, RDX=0x0000700000cbda8b
RSP=0x0000700000cbd9d0, RBP=0x0000700000cbd9e0, RSI=0x00007f8051803800, RDI=0x000000000000000b
R8 =0x0000000000000001, R9 =0x0000000000000000, R10=0x0000000000000002, R11=0x00007f8050400000
R12=0x00007f8051803800, R13=0x000000000000000b, R14=0x000000000000000b, R15=0x00007f8050413960
RIP=0x0000000101c461b0, EFLAGS=0x0000000000010202, ERR=0x0000000000000004
  TRAPNO=0x000000000000000e

Top of Stack: (sp=0x0000700000cbd9d0)
0x0000700000cbd9d0:   0000700000cbda8b 0000700000cbda8b
0x0000700000cbd9e0:   0000700000cbda40 0000000101b552be
0x0000700000cbd9f0:   00007f8051803800 0000000000000000
0x0000700000cbda00:   0000000000000000 0000000000000000
0x0000700000cbda10:   00007f8051803800 00007f8051803800
0x0000700000cbda20:   0000700000cbda8b 0000700000cbda90
0x0000700000cbda30:   000000000000000b 0000000000000015
0x0000700000cbda40:   0000700000cbda60 0000000100eda780
0x0000700000cbda50:   0000000000000001 0000700000cbdb08
0x0000700000cbda60:   0000700000cbdad0 0000000100ebf1f3
0x0000700000cbda70:   0000700000cbdaa0 00007f805042bc20
0x0000700000cbda80:   0000001600000032 0000000900cbdb08
0x0000700000cbda90:   0000000000000000 0000000000000000
0x0000700000cbdaa0:   0000000000000000 0000700000cbdc90
0x0000700000cbdab0:   0000000100ee1e7a 00007f805070f760
0x0000700000cbdac0:   0000700000cbdb08 0000000100eed598
0x0000700000cbdad0:   0000700000cbdae0 0000000100ebf2ec
0x0000700000cbdae0:   0000700000cbdd00 0000000100ec8898
0x0000700000cbdaf0:   000055d800000013 00000000000f0200
0x0000700000cbdb00:   00007f805070f740 00007f8050436184
0x0000700000cbdb10:   00007f8000000014 00007f805042a900
0x0000700000cbdb20:   000000000000012c 0000700000cbdb58
0x0000700000cbdb30:   00007f805042a900 0000000000000000
0x0000700000cbdb40:   000055d80000001c 00007fff00008380
0x0000700000cbdb50:   0000700000cbdb58 807f000016000000
0x0000700000cbdb60:   0800000058d17050 3e74696e696c633c
0x0000700000cbdb70:   0056292803000000 0008000000000000
0x0000700000cbdb80:   0050d17050807f00 74696e693c060000
0x0000700000cbdb90:   562928030000003e 0100000000000000
0x0000700000cbdba0:   a8f15150807f0000 74696e690b000000
0x0000700000cbdbb0:   0066754265676150 2949425b28060000
0x0000700000cbdbc0:   0000000000000056 f15150807f000009 

Instructions: (pc=0x0000000101c461b0)
0x0000000101c46190:   40 48 48 85 c0 75 e0 30 c0 0f b6 c0 5d c3 31 c0
0x0000000101c461a0:   5d c3 55 48 89 e5 53 48 83 ec 08 48 85 ff 74 24
0x0000000101c461b0:   48 8b 1f 48 85 db 74 1c 48 83 fb 37 74 16 48 8b
0x0000000101c461c0:   03 48 89 df ff 50 10 84 c0 b8 00 00 00 00 48 0f 

Register to memory mapping:

RAX=0x0000000000000001 is an unknown value
RBX=0x0000700000cbda8b is pointing into the stack for thread: 0x00007f8051803800
RCX=0x0000000102014310: UseMembar+0 in /Library/Java/JavaVirtualMachines/jdk1.8.0_66.jdk/Contents/Home/jre/lib/server/libjvm.dylib at 0x0000000101800000
RDX=0x0000700000cbda8b is pointing into the stack for thread: 0x00007f8051803800
RSP=0x0000700000cbd9d0 is pointing into the stack for thread: 0x00007f8051803800
RBP=0x0000700000cbd9e0 is pointing into the stack for thread: 0x00007f8051803800
RSI=0x00007f8051803800 is a thread
RDI=0x000000000000000b is an unknown value
R8 =0x0000000000000001 is an unknown value
R9 =0x0000000000000000 is an unknown value
R10=0x0000000000000002 is an unknown value
R11=0x00007f8050400000 is an unknown value
R12=0x00007f8051803800 is a thread
R13=0x000000000000000b is an unknown value
R14=0x000000000000000b is an unknown value
R15=0x00007f8050413960 is an unknown value


Stack: [0x0000700000bbe000,0x0000700000cbe000],  sp=0x0000700000cbd9d0,  free space=1022k
Native frames: (J=compiled Java code, j=interpreted, Vv=VM code, C=native code)
V  [libjvm.dylib+0x4461b0]  Method::checked_resolve_jmethod_id(_jmethodID*)+0xe
V  [libjvm.dylib+0x3552be]  jvmti_IsMethodSynthetic+0xb2
C  [libjdwp.dylib+0x20780]  isMethodSynthetic+0x63
C  [libjdwp.dylib+0x51f3]  methods1+0x10b
C  [libjdwp.dylib+0x52ec]  methodsWithGeneric+0xe
C  [libjdwp.dylib+0xe898]  debugLoop_run+0x1ce
C  [libjdwp.dylib+0x1f6ba]  attachThread+0x4d
V  [libjvm.dylib+0x39661c]  JvmtiAgentThread::call_start_function()+0x38
V  [libjvm.dylib+0x560b83]  JavaThread::thread_main_inner()+0x9b
V  [libjvm.dylib+0x56227e]  JavaThread::run()+0x1c2
V  [libjvm.dylib+0x482cd6]  java_start(Thread*)+0xf6
C  [libsystem_pthread.dylib+0x3c13]  _pthread_body+0x83
C  [libsystem_pthread.dylib+0x3b90]  _pthread_body+0x0
C  [libsystem_pthread.dylib+0x1375]  thread_start+0xd
C  0x0000000000000000


---------------  P R O C E S S  ---------------

Java Threads: ( => current thread )
  0x00007f805202e000 JavaThread "Service Thread" daemon [_thread_blocked, id=20483, stack(0x00007000011d0000,0x00007000012d0000)]
  0x00007f805102c000 JavaThread "C1 CompilerThread2" daemon [_thread_blocked, id=19971, stack(0x00007000010cd000,0x00007000011cd000)]
  0x00007f8051017000 JavaThread "C2 CompilerThread1" daemon [_thread_blocked, id=19459, stack(0x0000700000fca000,0x00007000010ca000)]
  0x00007f805102b000 JavaThread "C2 CompilerThread0" daemon [_thread_blocked, id=18947, stack(0x0000700000ec7000,0x0000700000fc7000)]
  0x00007f8051016000 JavaThread "JDWP Command Reader" daemon [_thread_in_native, id=18435, stack(0x0000700000dc4000,0x0000700000ec4000)]
  0x00007f8050848000 JavaThread "JDWP Event Helper Thread" daemon [_thread_blocked, id=17923, stack(0x0000700000cc1000,0x0000700000dc1000)]
=>0x00007f8051803800 JavaThread "JDWP Transport Listener: dt_socket" daemon [_thread_in_vm, id=17411, stack(0x0000700000bbe000,0x0000700000cbe000)]
  0x00007f8052005800 JavaThread "Signal Dispatcher" daemon [_thread_blocked, id=16659, stack(0x0000700000abb000,0x0000700000bbb000)]
  0x00007f8050844000 JavaThread "Finalizer" daemon [_thread_blocked, id=12291, stack(0x000070000082f000,0x000070000092f000)]
  0x00007f8050843000 JavaThread "Reference Handler" daemon [_thread_blocked, id=11779, stack(0x000070000072c000,0x000070000082c000)]
  0x00007f8050811000 JavaThread "main" [_thread_blocked, id=5891, stack(0x000070000011a000,0x000070000021a000)]

Other Threads:
  0x00007f8051803000 VMThread [stack: 0x0000700000629000,0x0000700000729000] [id=11267]
  0x00007f805202d000 WatcherThread [stack: 0x00007000012d3000,0x00007000013d3000] [id=20995]

VM state:not at safepoint (normal execution)

VM Mutex/Monitor currently owned by a thread: None

Heap:
 PSYoungGen      total 76288K, used 5243K [0x000000076ab00000, 0x0000000770000000, 0x00000007c0000000)
  eden space 65536K, 8% used [0x000000076ab00000,0x000000076b01ec70,0x000000076eb00000)
  from space 10752K, 0% used [0x000000076f580000,0x000000076f580000,0x0000000770000000)
  to   space 10752K, 0% used [0x000000076eb00000,0x000000076eb00000,0x000000076f580000)
 ParOldGen       total 175104K, used 0K [0x00000006c0000000, 0x00000006cab00000, 0x000000076ab00000)
  object space 175104K, 0% used [0x00000006c0000000,0x00000006c0000000,0x00000006cab00000)
 Metaspace       used 3346K, capacity 4630K, committed 4864K, reserved 1056768K
  class space    used 366K, capacity 429K, committed 512K, reserved 1048576K

Card table byte_map: [0x0000000111b46000,0x0000000112347000] byte_map_base: 0x000000010e546000

Marking Bits: (ParMarkBitMap*) 0x00000001020dde20
 Begin Bits: [0x000000011289d000, 0x000000011689d000)
 End Bits:   [0x000000011689d000, 0x000000011a89d000)

Polling page: 0x0000000100eb9000

CodeCache: size=245760Kb used=1148Kb max_used=1148Kb free=244611Kb
 bounds [0x0000000102786000, 0x00000001029f6000, 0x0000000111786000]
 total_blobs=288 nmethods=55 adapters=155
 compilation: enabled

Compilation events (10 events):
Event: 0.173 Thread 0x00007f805102c000   49       1       java.util.Formatter$Flags::valueOf (5 bytes)
Event: 0.173 Thread 0x00007f805102c000 nmethod 49 0x00000001028a3950 code [0x00000001028a3aa0, 0x00000001028a3bb0]
Event: 0.173 Thread 0x00007f805102c000   52       3       java.util.HashMap::getNode (148 bytes)
Event: 0.174 Thread 0x00007f805102c000 nmethod 52 0x00000001028a3c10 code [0x00000001028a3de0, 0x00000001028a47a8]
Event: 0.174 Thread 0x00007f805102c000   53       3       java.lang.AbstractStringBuilder::<init> (12 bytes)
Event: 0.174 Thread 0x00007f805102c000 nmethod 53 0x00000001028a4ad0 code [0x00000001028a4c40, 0x00000001028a4e90]
Event: 0.174 Thread 0x00007f805102c000   54       1       java.lang.StringCoding$StringEncoder::requestedCharsetName (5 bytes)
Event: 0.174 Thread 0x00007f805102c000 nmethod 54 0x00000001028a4f50 code [0x00000001028a50a0, 0x00000001028a51b0]
Event: 0.174 Thread 0x00007f805102c000   55       1       java.io.File::getPath (5 bytes)
Event: 0.174 Thread 0x00007f805102c000 nmethod 55 0x00000001028a5210 code [0x00000001028a5360, 0x00000001028a5470]

GC Heap History (0 events):
No events

Deoptimization events (0 events):
No events

Internal exceptions (2 events):
Event: 0.040 Thread 0x00007f8050811000 Exception <a 'java/lang/NoSuchMethodError': Method sun.misc.Unsafe.defineClass(Ljava/lang/String;[BII)Ljava/lang/Class; name or signature does not match> (0x000000076ab12d70) thrown at [/HUDSON3/workspace/8-2-build-macosx-x86_64/jdk8u66/4988/hotspot/src/s
Event: 0.041 Thread 0x00007f8050811000 Exception <a 'java/lang/NoSuchMethodError': Method sun.misc.Unsafe.prefetchRead(Ljava/lang/Object;J)V name or signature does not match> (0x000000076ab13058) thrown at [/HUDSON3/workspace/8-2-build-macosx-x86_64/jdk8u66/4988/hotspot/src/share/vm/prims/jni.

Events (10 events):
Event: 516.883 Executing VM operation: GetCurrentLocation
Event: 516.883 Executing VM operation: GetCurrentLocation done
Event: 516.883 Executing VM operation: EnterInterpOnlyMode
Event: 516.883 Executing VM operation: EnterInterpOnlyMode done
Event: 516.883 Executing VM operation: ChangeSingleStep
Event: 516.883 Executing VM operation: ChangeSingleStep done
Event: 516.883 Executing VM operation: ChangeSingleStep
Event: 516.883 Executing VM operation: ChangeSingleStep done
Event: 516.893 Executing VM operation: RedefineClasses
Event: 516.894 Executing VM operation: RedefineClasses done


Dynamic libraries:
0x0000000007c4b000 	/System/Library/Frameworks/Cocoa.framework/Versions/A/Cocoa
0x0000000007c4b000 	/System/Library/Frameworks/Security.framework/Versions/A/Security
0x0000000007c4b000 	/System/Library/Frameworks/ApplicationServices.framework/Versions/A/ApplicationServices
0x0000000007c4b000 	/usr/lib/libz.1.dylib
0x0000000007c4b000 	/usr/lib/libSystem.B.dylib
0x0000000007c4b000 	/usr/lib/libobjc.A.dylib
0x0000000007c4b000 	/System/Library/Frameworks/CoreFoundation.framework/Versions/A/CoreFoundation
0x0000000007c4b000 	/System/Library/Frameworks/Foundation.framework/Versions/C/Foundation
0x0000000007c4b000 	/System/Library/Frameworks/AppKit.framework/Versions/C/AppKit
0x0000000007c4b000 	/System/Library/Frameworks/CoreData.framework/Versions/A/CoreData
0x0000000007c4b000 	/System/Library/PrivateFrameworks/RemoteViewServices.framework/Versions/A/RemoteViewServices
0x0000000007c4b000 	/System/Library/PrivateFrameworks/UIFoundation.framework/Versions/A/UIFoundation
0x0000000007c4b000 	/usr/lib/libScreenReader.dylib
0x0000000007c4b000 	/System/Library/Frameworks/Accelerate.framework/Versions/A/Accelerate
0x0000000007c4b000 	/System/Library/Frameworks/IOSurface.framework/Versions/A/IOSurface
0x0000000007c4b000 	/System/Library/Frameworks/AudioToolbox.framework/Versions/A/AudioToolbox
0x0000000007c4b000 	/System/Library/Frameworks/AudioUnit.framework/Versions/A/AudioUnit
0x0000000007c4b000 	/System/Library/PrivateFrameworks/DataDetectorsCore.framework/Versions/A/DataDetectorsCore
0x0000000007c4b000 	/System/Library/PrivateFrameworks/DesktopServicesPriv.framework/Versions/A/DesktopServicesPriv
0x0000000007c4b000 	/System/Library/Frameworks/Carbon.framework/Versions/A/Frameworks/HIToolbox.framework/Versions/A/HIToolbox
0x0000000007c4b000 	/System/Library/Frameworks/QuartzCore.framework/Versions/A/QuartzCore
0x0000000007c4b000 	/System/Library/Frameworks/Carbon.framework/Versions/A/Frameworks/SpeechRecognition.framework/Versions/A/SpeechRecognition
0x0000000007c4b000 	/usr/lib/libauto.dylib
0x0000000007c4b000 	/usr/lib/libicucore.A.dylib
0x0000000007c4b000 	/usr/lib/libxml2.2.dylib
0x0000000007c4b000 	/System/Library/PrivateFrameworks/CoreUI.framework/Versions/A/CoreUI
0x0000000007c4b000 	/System/Library/Frameworks/CoreAudio.framework/Versions/A/CoreAudio
0x0000000007c4b000 	/System/Library/Frameworks/DiskArbitration.framework/Versions/A/DiskArbitration
0x0000000007c4b000 	/usr/lib/liblangid.dylib
0x0000000007c4b000 	/System/Library/PrivateFrameworks/MultitouchSupport.framework/Versions/A/MultitouchSupport
0x0000000007c4b000 	/System/Library/Frameworks/IOKit.framework/Versions/A/IOKit
0x0000000007c4b000 	/usr/lib/libDiagnosticMessagesClient.dylib
0x0000000007c4b000 	/System/Library/Frameworks/CoreServices.framework/Versions/A/CoreServices
0x0000000007c4b000 	/System/Library/PrivateFrameworks/PerformanceAnalysis.framework/Versions/A/PerformanceAnalysis
0x0000000007c4b000 	/System/Library/PrivateFrameworks/GenerationalStorage.framework/Versions/A/GenerationalStorage
0x0000000007c4b000 	/System/Library/Frameworks/OpenGL.framework/Versions/A/OpenGL
0x0000000007c4b000 	/System/Library/PrivateFrameworks/Sharing.framework/Versions/A/Sharing
0x0000000007c4b000 	/System/Library/Frameworks/CoreGraphics.framework/Versions/A/CoreGraphics
0x0000000007c4b000 	/System/Library/Frameworks/CoreImage.framework/Versions/A/CoreImage
0x0000000007c4b000 	/System/Library/Frameworks/CoreText.framework/Versions/A/CoreText
0x0000000007c4b000 	/System/Library/Frameworks/ImageIO.framework/Versions/A/ImageIO
0x0000000007c4b000 	/System/Library/PrivateFrameworks/Backup.framework/Versions/A/Backup
0x0000000007c4b000 	/usr/lib/libextension.dylib
0x0000000007c4b000 	/usr/lib/libarchive.2.dylib
0x0000000007c4b000 	/System/Library/Frameworks/CFNetwork.framework/Versions/A/CFNetwork
0x0000000007c4b000 	/System/Library/Frameworks/SystemConfiguration.framework/Versions/A/SystemConfiguration
0x0000000007c4b000 	/usr/lib/libCRFSuite.dylib
0x0000000007c4b000 	/usr/lib/libc++.1.dylib
0x0000000007c4b000 	/usr/lib/libc++abi.dylib
0x0000000007c4b000 	/usr/lib/system/libcache.dylib
0x0000000007c4b000 	/usr/lib/system/libcommonCrypto.dylib
0x0000000007c4b000 	/usr/lib/system/libcompiler_rt.dylib
0x0000000007c4b000 	/usr/lib/system/libcopyfile.dylib
0x0000000007c4b000 	/usr/lib/system/libcorecrypto.dylib
0x0000000007c4b000 	/usr/lib/system/libdispatch.dylib
0x0000000007c4b000 	/usr/lib/system/libdyld.dylib
0x0000000007c4b000 	/usr/lib/system/libkeymgr.dylib
0x0000000007c4b000 	/usr/lib/system/liblaunch.dylib
0x0000000007c4b000 	/usr/lib/system/libmacho.dylib
0x0000000007c4b000 	/usr/lib/system/libquarantine.dylib
0x0000000007c4b000 	/usr/lib/system/libremovefile.dylib
0x0000000007c4b000 	/usr/lib/system/libsystem_asl.dylib
0x0000000007c4b000 	/usr/lib/system/libsystem_blocks.dylib
0x0000000007c4b000 	/usr/lib/system/libsystem_c.dylib
0x0000000007c4b000 	/usr/lib/system/libsystem_configuration.dylib
0x0000000007c4b000 	/usr/lib/system/libsystem_coreservices.dylib
0x0000000007c4b000 	/usr/lib/system/libsystem_coretls.dylib
0x0000000007c4b000 	/usr/lib/system/libsystem_dnssd.dylib
0x0000000007c4b000 	/usr/lib/system/libsystem_info.dylib
0x0000000007c4b000 	/usr/lib/system/libsystem_kernel.dylib
0x0000000007c4b000 	/usr/lib/system/libsystem_m.dylib
0x0000000007c4b000 	/usr/lib/system/libsystem_malloc.dylib
0x0000000007c4b000 	/usr/lib/system/libsystem_network.dylib
0x0000000007c4b000 	/usr/lib/system/libsystem_networkextension.dylib
0x0000000007c4b000 	/usr/lib/system/libsystem_notify.dylib
0x0000000007c4b000 	/usr/lib/system/libsystem_platform.dylib
0x0000000007c4b000 	/usr/lib/system/libsystem_pthread.dylib
0x0000000007c4b000 	/usr/lib/system/libsystem_sandbox.dylib
0x0000000007c4b000 	/usr/lib/system/libsystem_secinit.dylib
0x0000000007c4b000 	/usr/lib/system/libsystem_trace.dylib
0x0000000007c4b000 	/usr/lib/system/libunc.dylib
0x0000000007c4b000 	/usr/lib/system/libunwind.dylib
0x0000000007c4b000 	/usr/lib/system/libxpc.dylib
0x0000000007c4b000 	/usr/lib/libenergytrace.dylib
0x0000000007c4b000 	/usr/lib/libbsm.0.dylib
0x0000000007c4b000 	/usr/lib/system/libkxld.dylib
0x0000000007c4b000 	/usr/lib/libxar.1.dylib
0x0000000007c4b000 	/usr/lib/libsqlite3.dylib
0x0000000007c4b000 	/usr/lib/libpam.2.dylib
0x0000000007c4b000 	/usr/lib/libOpenScriptingUtil.dylib
0x0000000007c4b000 	/usr/lib/libbz2.1.0.dylib
0x0000000007c4b000 	/usr/lib/liblzma.5.dylib
0x0000000007c4b000 	/System/Library/Frameworks/CoreServices.framework/Versions/A/Frameworks/FSEvents.framework/Versions/A/FSEvents
0x0000000007c4b000 	/System/Library/Frameworks/CoreServices.framework/Versions/A/Frameworks/CarbonCore.framework/Versions/A/CarbonCore
0x0000000007c4b000 	/System/Library/Frameworks/CoreServices.framework/Versions/A/Frameworks/Metadata.framework/Versions/A/Metadata
0x0000000007c4b000 	/System/Library/Frameworks/CoreServices.framework/Versions/A/Frameworks/OSServices.framework/Versions/A/OSServices
0x0000000007c4b000 	/System/Library/Frameworks/CoreServices.framework/Versions/A/Frameworks/SearchKit.framework/Versions/A/SearchKit
0x0000000007c4b000 	/System/Library/Frameworks/CoreServices.framework/Versions/A/Frameworks/AE.framework/Versions/A/AE
0x0000000007c4b000 	/System/Library/Frameworks/CoreServices.framework/Versions/A/Frameworks/LaunchServices.framework/Versions/A/LaunchServices
0x0000000007c4b000 	/System/Library/Frameworks/CoreServices.framework/Versions/A/Frameworks/DictionaryServices.framework/Versions/A/DictionaryServices
0x0000000007c4b000 	/System/Library/Frameworks/CoreServices.framework/Versions/A/Frameworks/SharedFileList.framework/Versions/A/SharedFileList
0x0000000007c4b000 	/System/Library/Frameworks/NetFS.framework/Versions/A/NetFS
0x0000000007c4b000 	/System/Library/PrivateFrameworks/NetAuth.framework/Versions/A/NetAuth
0x0000000007c4b000 	/System/Library/PrivateFrameworks/login.framework/Versions/A/Frameworks/loginsupport.framework/Versions/A/loginsupport
0x0000000007c4b000 	/System/Library/PrivateFrameworks/TCC.framework/Versions/A/TCC
0x0000000007c4b000 	/usr/lib/libmecabra.dylib
0x0000000007c4b000 	/System/Library/Frameworks/ApplicationServices.framework/Versions/A/Frameworks/ATS.framework/Versions/A/ATS
0x0000000007c4b000 	/System/Library/Frameworks/ApplicationServices.framework/Versions/A/Frameworks/ColorSync.framework/Versions/A/ColorSync
0x0000000007c4b000 	/System/Library/Frameworks/ApplicationServices.framework/Versions/A/Frameworks/HIServices.framework/Versions/A/HIServices
0x0000000007c4b000 	/System/Library/Frameworks/ApplicationServices.framework/Versions/A/Frameworks/LangAnalysis.framework/Versions/A/LangAnalysis
0x0000000007c4b000 	/System/Library/Frameworks/ApplicationServices.framework/Versions/A/Frameworks/PrintCore.framework/Versions/A/PrintCore
0x0000000007c4b000 	/System/Library/Frameworks/ApplicationServices.framework/Versions/A/Frameworks/QD.framework/Versions/A/QD
0x0000000007c4b000 	/System/Library/Frameworks/ApplicationServices.framework/Versions/A/Frameworks/SpeechSynthesis.framework/Versions/A/SpeechSynthesis
0x0000000007c4b000 	/System/Library/Frameworks/Metal.framework/Versions/A/Metal
0x0000000007c4b000 	/System/Library/Frameworks/Accelerate.framework/Versions/A/Frameworks/vImage.framework/Versions/A/vImage
0x0000000007c4b000 	/System/Library/Frameworks/Accelerate.framework/Versions/A/Frameworks/vecLib.framework/Versions/A/vecLib
0x0000000007c4b000 	/System/Library/Frameworks/Accelerate.framework/Versions/A/Frameworks/vecLib.framework/Versions/A/libvDSP.dylib
0x0000000007c4b000 	/System/Library/Frameworks/Accelerate.framework/Versions/A/Frameworks/vecLib.framework/Versions/A/libvMisc.dylib
0x0000000007c4b000 	/System/Library/Frameworks/Accelerate.framework/Versions/A/Frameworks/vecLib.framework/Versions/A/libLAPACK.dylib
0x0000000007c4b000 	/System/Library/Frameworks/Accelerate.framework/Versions/A/Frameworks/vecLib.framework/Versions/A/libBLAS.dylib
0x0000000007c4b000 	/System/Library/Frameworks/Accelerate.framework/Versions/A/Frameworks/vecLib.framework/Versions/A/libLinearAlgebra.dylib
0x0000000007c4b000 	/System/Library/Frameworks/Accelerate.framework/Versions/A/Frameworks/vecLib.framework/Versions/A/libSparseBLAS.dylib
0x0000000007c4b000 	/System/Library/PrivateFrameworks/GPUCompiler.framework/libmetal_timestamp.dylib
0x0000000007c4b000 	/System/Library/Frameworks/OpenGL.framework/Versions/A/Libraries/libCoreFSCache.dylib
0x0000000007c4b000 	/System/Library/PrivateFrameworks/IOAccelerator.framework/Versions/A/IOAccelerator
0x0000000007c4b000 	/System/Library/Frameworks/ApplicationServices.framework/Versions/A/Frameworks/ATS.framework/Versions/A/Resources/libFontParser.dylib
0x0000000007c4b000 	/System/Library/Frameworks/ApplicationServices.framework/Versions/A/Frameworks/ATS.framework/Versions/A/Resources/libFontRegistry.dylib
0x0000000007c4b000 	/System/Library/PrivateFrameworks/AppleVPA.framework/Versions/A/AppleVPA
0x0000000007c4b000 	/System/Library/PrivateFrameworks/AppleJPEG.framework/Versions/A/AppleJPEG
0x0000000007c4b000 	/System/Library/Frameworks/ImageIO.framework/Versions/A/Resources/libJPEG.dylib
0x0000000007c4b000 	/System/Library/Frameworks/ImageIO.framework/Versions/A/Resources/libTIFF.dylib
0x0000000007c4b000 	/System/Library/Frameworks/ImageIO.framework/Versions/A/Resources/libPng.dylib
0x0000000007c4b000 	/System/Library/Frameworks/ImageIO.framework/Versions/A/Resources/libGIF.dylib
0x0000000007c4b000 	/System/Library/Frameworks/ImageIO.framework/Versions/A/Resources/libJP2.dylib
0x0000000007c4b000 	/System/Library/Frameworks/ImageIO.framework/Versions/A/Resources/libRadiance.dylib
0x0000000007c4b000 	/System/Library/Frameworks/CoreVideo.framework/Versions/A/CoreVideo
0x0000000007c4b000 	/System/Library/Frameworks/OpenGL.framework/Versions/A/Libraries/libGLU.dylib
0x0000000007c4b000 	/System/Library/Frameworks/OpenGL.framework/Versions/A/Libraries/libGFXShared.dylib
0x0000000007c4b000 	/System/Library/Frameworks/OpenGL.framework/Versions/A/Libraries/libGL.dylib
0x0000000007c4b000 	/System/Library/Frameworks/OpenGL.framework/Versions/A/Libraries/libGLImage.dylib
0x0000000007c4b000 	/System/Library/Frameworks/OpenGL.framework/Versions/A/Libraries/libCVMSPluginSupport.dylib
0x0000000007c4b000 	/System/Library/Frameworks/OpenGL.framework/Versions/A/Libraries/libCoreVMClient.dylib
0x0000000007c4b000 	/usr/lib/libcups.2.dylib
0x0000000007c4b000 	/System/Library/Frameworks/Kerberos.framework/Versions/A/Kerberos
0x0000000007c4b000 	/System/Library/Frameworks/GSS.framework/Versions/A/GSS
0x0000000007c4b000 	/usr/lib/libresolv.9.dylib
0x0000000007c4b000 	/usr/lib/libiconv.2.dylib
0x0000000007c4b000 	/System/Library/PrivateFrameworks/Heimdal.framework/Versions/A/Heimdal
0x0000000007c4b000 	/usr/lib/libheimdal-asn1.dylib
0x0000000007c4b000 	/System/Library/Frameworks/OpenDirectory.framework/Versions/A/OpenDirectory
0x0000000007c4b000 	/System/Library/PrivateFrameworks/CommonAuth.framework/Versions/A/CommonAuth
0x0000000007c4b000 	/System/Library/Frameworks/OpenDirectory.framework/Versions/A/Frameworks/CFOpenDirectory.framework/Versions/A/CFOpenDirectory
0x0000000007c4b000 	/System/Library/Frameworks/SecurityFoundation.framework/Versions/A/SecurityFoundation
0x0000000007c4b000 	/System/Library/PrivateFrameworks/LanguageModeling.framework/Versions/A/LanguageModeling
0x0000000007c4b000 	/usr/lib/libmarisa.dylib
0x0000000007c4b000 	/usr/lib/libChineseTokenizer.dylib
0x0000000007c4b000 	/usr/lib/libcmph.dylib
0x0000000007c4b000 	/usr/lib/libcompression.dylib
0x0000000007c4b000 	/System/Library/Frameworks/ServiceManagement.framework/Versions/A/ServiceManagement
0x0000000007c4b000 	/usr/lib/libxslt.1.dylib
0x0000000007c4b000 	/System/Library/Frameworks/Carbon.framework/Versions/A/Frameworks/Ink.framework/Versions/A/Ink
0x0000000007c4b000 	/usr/lib/libFosl_dynamic.dylib
0x0000000007c4b000 	/System/Library/PrivateFrameworks/FaceCore.framework/Versions/A/FaceCore
0x0000000007c4b000 	/System/Library/Frameworks/OpenCL.framework/Versions/A/OpenCL
0x0000000007c4b000 	/System/Library/PrivateFrameworks/CrashReporterSupport.framework/Versions/A/CrashReporterSupport
0x0000000007c4b000 	/System/Library/PrivateFrameworks/IconServices.framework/Versions/A/IconServices
0x0000000007c4b000 	/System/Library/PrivateFrameworks/Apple80211.framework/Versions/A/Apple80211
0x0000000007c4b000 	/System/Library/Frameworks/CoreWLAN.framework/Versions/A/CoreWLAN
0x0000000007c4b000 	/System/Library/Frameworks/IOBluetooth.framework/Versions/A/IOBluetooth
0x0000000007c4b000 	/System/Library/PrivateFrameworks/CoreWiFi.framework/Versions/A/CoreWiFi
0x0000000007c4b000 	/System/Library/Frameworks/CoreBluetooth.framework/Versions/A/CoreBluetooth
0x0000000007c4b000 	/System/Library/PrivateFrameworks/ChunkingLibrary.framework/Versions/A/ChunkingLibrary
0x0000000007c4b000 	/System/Library/PrivateFrameworks/DebugSymbols.framework/Versions/A/DebugSymbols
0x0000000007c4b000 	/System/Library/PrivateFrameworks/CoreSymbolication.framework/Versions/A/CoreSymbolication
0x0000000007c4b000 	/System/Library/PrivateFrameworks/Symbolication.framework/Versions/A/Symbolication
0x0000000007c4b000 	/System/Library/PrivateFrameworks/SpeechRecognitionCore.framework/Versions/A/SpeechRecognitionCore
0x0000000101800000 	/Library/Java/JavaVirtualMachines/jdk1.8.0_66.jdk/Contents/Home/jre/lib/server/libjvm.dylib
0x0000000007c4b000 	/usr/lib/libstdc++.6.dylib
0x0000000100e76000 	/Library/Java/JavaVirtualMachines/jdk1.8.0_66.jdk/Contents/Home/jre/lib/libverify.dylib
0x0000000100e84000 	/Library/Java/JavaVirtualMachines/jdk1.8.0_66.jdk/Contents/Home/jre/lib/libjava.dylib
0x0000000100eba000 	/Library/Java/JavaVirtualMachines/jdk1.8.0_66.jdk/Contents/Home/jre/lib/libjdwp.dylib
0x0000000100f05000 	/Library/Java/JavaVirtualMachines/jdk1.8.0_66.jdk/Contents/Home/jre/lib/libnpt.dylib
0x0000000100f12000 	/Library/Java/JavaVirtualMachines/jdk1.8.0_66.jdk/Contents/Home/jre/lib/libzip.dylib
0x000000011cae8000 	/System/Library/Frameworks/JavaVM.framework/Frameworks/JavaRuntimeSupport.framework/JavaRuntimeSupport
0x000000011cb03000 	/System/Library/Frameworks/JavaVM.framework/Versions/A/Frameworks/JavaNativeFoundation.framework/Versions/A/JavaNativeFoundation
0x0000000100fef000 	/System/Library/Frameworks/JavaVM.framework/Versions/A/JavaVM
0x0000000007c4b000 	/System/Library/Frameworks/Carbon.framework/Versions/A/Carbon
0x000000011cb18000 	/System/Library/PrivateFrameworks/JavaLaunching.framework/Versions/A/JavaLaunching
0x0000000007c4b000 	/System/Library/Frameworks/Carbon.framework/Versions/A/Frameworks/CommonPanels.framework/Versions/A/CommonPanels
0x0000000007c4b000 	/System/Library/Frameworks/Carbon.framework/Versions/A/Frameworks/Help.framework/Versions/A/Help
0x0000000007c4b000 	/System/Library/Frameworks/Carbon.framework/Versions/A/Frameworks/ImageCapture.framework/Versions/A/ImageCapture
0x0000000007c4b000 	/System/Library/Frameworks/Carbon.framework/Versions/A/Frameworks/OpenScripting.framework/Versions/A/OpenScripting
0x0000000007c4b000 	/System/Library/Frameworks/Carbon.framework/Versions/A/Frameworks/Print.framework/Versions/A/Print
0x0000000007c4b000 	/System/Library/Frameworks/Carbon.framework/Versions/A/Frameworks/SecurityHI.framework/Versions/A/SecurityHI
0x000000011e435000 	/Library/Java/JavaVirtualMachines/jdk1.8.0_66.jdk/Contents/Home/jre/lib/libdt_socket.dylib

VM Arguments:
jvm_args: -agentlib:jdwp=transport=dt_socket,suspend=y,address=localhost:51507 -Dfile.encoding=UTF-8 
java_command: LinearHash
java_class_path (initial): /Users/enigma/workspace/LinearHash/bin
Launcher Type: SUN_STANDARD

Environment Variables:
PATH=/usr/bin:/bin:/usr/sbin:/sbin
SHELL=/bin/bash

Signal Handlers:
SIGSEGV: [libjvm.dylib+0x5a65d5], sa_mask[0]=11111111011111110111111111111111, sa_flags=SA_ONSTACK|SA_RESTART|SA_SIGINFO
SIGBUS: [libjvm.dylib+0x5a65d5], sa_mask[0]=11111111011111110111111111111111, sa_flags=SA_RESTART|SA_SIGINFO
SIGFPE: [libjvm.dylib+0x4802e8], sa_mask[0]=11111111011111110111111111111111, sa_flags=SA_RESTART|SA_SIGINFO
SIGPIPE: [libjvm.dylib+0x4802e8], sa_mask[0]=11111111011111110111111111111111, sa_flags=SA_RESTART|SA_SIGINFO
SIGXFSZ: [libjvm.dylib+0x4802e8], sa_mask[0]=11111111011111110111111111111111, sa_flags=SA_RESTART|SA_SIGINFO
SIGILL: [libjvm.dylib+0x4802e8], sa_mask[0]=11111111011111110111111111111111, sa_flags=SA_RESTART|SA_SIGINFO
SIGUSR1: SIG_DFL, sa_mask[0]=00000000000000000000000000000000, sa_flags=none
SIGUSR2: [libjvm.dylib+0x47fe06], sa_mask[0]=00100000000000000000000000000000, sa_flags=SA_RESTART|SA_SIGINFO
SIGHUP: [libjvm.dylib+0x47e3dd], sa_mask[0]=11111111011111110111111111111111, sa_flags=SA_RESTART|SA_SIGINFO
SIGINT: [libjvm.dylib+0x47e3dd], sa_mask[0]=11111111011111110111111111111111, sa_flags=SA_RESTART|SA_SIGINFO
SIGTERM: [libjvm.dylib+0x47e3dd], sa_mask[0]=11111111011111110111111111111111, sa_flags=SA_RESTART|SA_SIGINFO
SIGQUIT: [libjvm.dylib+0x47e3dd], sa_mask[0]=11111111011111110111111111111111, sa_flags=SA_RESTART|SA_SIGINFO


---------------  S Y S T E M  ---------------

OS:Bsduname:Darwin 15.3.0 Darwin Kernel Version 15.3.0: Thu Dec 10 18:40:58 PST 2015; root:xnu-3248.30.4~1/RELEASE_X86_64 x86_64
rlimit: STACK 8192k, CORE 0k, NPROC 709, NOFILE 10240, AS infinity
load average:1.70 1.68 1.81

CPU:total 4 (2 cores per cpu, 2 threads per core) family 6 model 61 stepping 4, cmov, cx8, fxsr, mmx, sse, sse2, sse3, ssse3, sse4.1, sse4.2, popcnt, avx, avx2, aes, clmul, erms, 3dnowpref, lzcnt, ht, tsc, tscinvbit, bmi1, bmi2, adx

Memory: 4k page, physical 16777216k(360080k free)

/proc/meminfo:


vm_info: Java HotSpot(TM) 64-Bit Server VM (25.66-b17) for bsd-amd64 JRE (1.8.0_66-b17), built on Oct  6 2015 16:09:13 by "java_re" with gcc 4.2.1 (Based on Apple Inc. build 5658) (LLVM build 2336.11.00)

time: Wed Mar 23 00:56:37 2016
elapsed time: 516 seconds (0d 0h 8m 36s)

